# JRE version: Java(TM) SE Runtime Environment (11.0.6+8) (build 11.0.6+8-LTS)
# Java VM: Java HotSpot(TM) 64-Bit Server VM (11.0.6+8-LTS, mixed mode, tiered, compressed oops, g1 gc, windows-amd64)
Heap:
 garbage-first heap   total 189440K, used 45500K [0x0000000081e00000, 0x0000000100000000)
  region size 1024K, 4 young (4096K), 4 survivors (4096K)
 Metaspace       used 53129K, capacity 54896K, committed 55196K, reserved 1097728K
  class space    used 6019K, capacity 6591K, committed 6656K, reserved 1048576K
GC Heap History (10 events):
Event: 4.866 GC heap after
{Heap after GC invocations=9 (full 0):
 garbage-first heap   total 157696K, used 32631K [0x0000000081e00000, 0x0000000100000000)
  region size 1024K, 9 young (9216K), 9 survivors (9216K)
 Metaspace       used 34247K, capacity 35089K, committed 35376K, reserved 1081344K
  class space    used 3660K, capacity 3902K, committed 3968K, reserved 1048576K
}
Event: 5.033 GC heap before
{Heap before GC invocations=9 (full 0):
 garbage-first heap   total 157696K, used 42871K [0x0000000081e00000, 0x0000000100000000)
  region size 1024K, 20 young (20480K), 9 survivors (9216K)
 Metaspace       used 34798K, capacity 35731K, committed 35888K, reserved 1081344K
  class space    used 3698K, capacity 3962K, committed 3968K, reserved 1048576K
}
Event: 5.040 GC heap after
{Heap after GC invocations=10 (full 0):
 garbage-first heap   total 157696K, used 33972K [0x0000000081e00000, 0x0000000100000000)
  region size 1024K, 2 young (2048K), 2 survivors (2048K)
 Metaspace       used 34798K, capacity 35731K, committed 35888K, reserved 1081344K
  class space    used 3698K, capacity 3962K, committed 3968K, reserved 1048576K
}
Event: 6.410 GC heap before
{Heap before GC invocations=11 (full 0):
 garbage-first heap   total 157696K, used 132276K [0x0000000081e00000, 0x0000000100000000)
  region size 1024K, 74 young (75776K), 2 survivors (2048K)
 Metaspace       used 38541K, capacity 39576K, committed 39708K, reserved 1085440K
  class space    used 4100K, capacity 4450K, committed 4480K, reserved 1048576K
}
Event: 6.416 GC heap after
{Heap after GC invocations=12 (full 0):
 garbage-first heap   total 157696K, used 35324K [0x0000000081e00000, 0x0000000100000000)
  region size 1024K, 4 young (4096K), 4 survivors (4096K)
 Metaspace       used 38541K, capacity 39576K, committed 39708K, reserved 1085440K
  class space    used 4100K, capacity 4450K, committed 4480K, reserved 1048576K
}
Event: 7.488 GC heap before
{Heap before GC invocations=12 (full 0):
 garbage-first heap   total 157696K, used 114172K [0x0000000081e00000, 0x0000000100000000)
  region size 1024K, 80 young (81920K), 4 survivors (4096K)
 Metaspace       used 48759K, capacity 49859K, committed 49948K, reserved 1093632K
  class space    used 5572K, capacity 5984K, committed 6016K, reserved 1048576K
}
Event: 7.496 GC heap after
{Heap after GC invocations=13 (full 0):
 garbage-first heap   total 157696K, used 42532K [0x0000000081e00000, 0x0000000100000000)
  region size 1024K, 10 young (10240K), 10 survivors (10240K)
 Metaspace       used 48759K, capacity 49859K, committed 49948K, reserved 1093632K
  class space    used 5572K, capacity 5984K, committed 6016K, reserved 1048576K
}
Event: 8.267 GC heap before
{Heap before GC invocations=13 (full 0):
 garbage-first heap   total 157696K, used 116260K [0x0000000081e00000, 0x0000000100000000)
  region size 1024K, 82 young (83968K), 10 survivors (10240K)
 Metaspace       used 52310K, capacity 53880K, committed 54044K, reserved 1097728K
  class space    used 5949K, capacity 6438K, committed 6528K, reserved 1048576K
}
Event: 8.278 GC heap after
{Heap after GC invocations=14 (full 0):
 garbage-first heap   total 157696K, used 44722K [0x0000000081e00000, 0x0000000100000000)
  region size 1024K, 3 young (3072K), 3 survivors (3072K)
 Metaspace       used 52310K, capacity 53880K, committed 54044K, reserved 1097728K
  class space    used 5949K, capacity 6438K, committed 6528K, reserved 1048576K
}
Event: 8.694 GC heap before
{Heap before GC invocations=14 (full 0):
 garbage-first heap   total 157696K, used 118450K [0x0000000081e00000, 0x0000000100000000)
  region size 1024K, 75 young (76800K), 3 survivors (3072K)
 Metaspace       used 53129K, capacity 54896K, committed 55196K, reserved 1097728K
  class space    used 6019K, capacity 6591K, committed 6656K, reserved 1048576K
}

